block in append_cflags: checking for whether -Wall is accepted as CFLAGS... -------------------- yes

LD_LIBRARY_PATH=.:/home/developer/.rvm/rubies/ruby-3.2.3/lib "gcc -o conftest -I/home/developer/.rvm/rubies/ruby-3.2.3/include/ruby-3.2.0/x86_64-linux -I/home/developer/.rvm/rubies/ruby-3.2.3/include/ruby-3.2.0/ruby/backward -I/home/developer/.rvm/rubies/ruby-3.2.3/include/ruby-3.2.0 -I.    -O3 -fno-fast-math -ggdb3 -Wall -Wextra -Wdeprecated-declarations -Wdiv-by-zero -Wduplicated-cond -Wimplicit-function-declaration -Wimplicit-int -Wmisleading-indentation -Wpointer-arith -Wwrite-strings -Wold-style-definition -Wimplicit-fallthrough=0 -Wmissing-noreturn -Wno-cast-function-type -Wno-constant-logical-operand -Wno-long-long -Wno-missing-field-initializers -Wno-overlength-strings -Wno-packed-bitfield-compat -Wno-parentheses-equality -Wno-self-assign -Wno-tautological-compare -Wno-unused-parameter -Wno-unused-value -Wsuggest-attribute=format -Wsuggest-attribute=noreturn -Wunused-variable -Wundef  -fPIC conftest.c  -L. -L/home/developer/.rvm/rubies/ruby-3.2.3/lib -Wl,-rpath,/home/developer/.rvm/rubies/ruby-3.2.3/lib -L. -fstack-protector-strong -rdynamic -Wl,-export-dynamic -Wl,--no-as-needed     -Wl,-rpath,'/../lib' -Wl,-rpath,'/../lib' -lruby  -lm -lpthread  -lc"
checked program was:
/* begin */
1: #include "ruby.h"
2: 
3: int main(int argc, char **argv)
4: {
5:   return !!argv[argc];
6: }
/* end */

LD_LIBRARY_PATH=.:/home/developer/.rvm/rubies/ruby-3.2.3/lib "gcc -I/home/developer/.rvm/rubies/ruby-3.2.3/include/ruby-3.2.0/x86_64-linux -I/home/developer/.rvm/rubies/ruby-3.2.3/include/ruby-3.2.0/ruby/backward -I/home/developer/.rvm/rubies/ruby-3.2.3/include/ruby-3.2.0 -I.    -O3 -fno-fast-math -ggdb3 -Wall -Wextra -Wdeprecated-declarations -Wdiv-by-zero -Wduplicated-cond -Wimplicit-function-declaration -Wimplicit-int -Wmisleading-indentation -Wpointer-arith -Wwrite-strings -Wold-style-definition -Wimplicit-fallthrough=0 -Wmissing-noreturn -Wno-cast-function-type -Wno-constant-logical-operand -Wno-long-long -Wno-missing-field-initializers -Wno-overlength-strings -Wno-packed-bitfield-compat -Wno-parentheses-equality -Wno-self-assign -Wno-tautological-compare -Wno-unused-parameter -Wno-unused-value -Wsuggest-attribute=format -Wsuggest-attribute=noreturn -Wunused-variable -Wundef  -fPIC  -Wall -Werror -c conftest.c"
checked program was:
/* begin */
1: #include "ruby.h"
2: 
3: int main(int argc, char **argv)
4: {
5:   return !!argv[argc];
6: }
/* end */

--------------------

block in append_cflags: checking for whether -O3 is accepted as CFLAGS... -------------------- yes

LD_LIBRARY_PATH=.:/home/developer/.rvm/rubies/ruby-3.2.3/lib "gcc -I/home/developer/.rvm/rubies/ruby-3.2.3/include/ruby-3.2.0/x86_64-linux -I/home/developer/.rvm/rubies/ruby-3.2.3/include/ruby-3.2.0/ruby/backward -I/home/developer/.rvm/rubies/ruby-3.2.3/include/ruby-3.2.0 -I.    -O3 -fno-fast-math -ggdb3 -Wall -Wextra -Wdeprecated-declarations -Wdiv-by-zero -Wduplicated-cond -Wimplicit-function-declaration -Wimplicit-int -Wmisleading-indentation -Wpointer-arith -Wwrite-strings -Wold-style-definition -Wimplicit-fallthrough=0 -Wmissing-noreturn -Wno-cast-function-type -Wno-constant-logical-operand -Wno-long-long -Wno-missing-field-initializers -Wno-overlength-strings -Wno-packed-bitfield-compat -Wno-parentheses-equality -Wno-self-assign -Wno-tautological-compare -Wno-unused-parameter -Wno-unused-value -Wsuggest-attribute=format -Wsuggest-attribute=noreturn -Wunused-variable -Wundef  -fPIC -Wall  -O3 -Werror -c conftest.c"
checked program was:
/* begin */
1: #include "ruby.h"
2: 
3: int main(int argc, char **argv)
4: {
5:   return !!argv[argc];
6: }
/* end */

--------------------

block in append_cflags: checking for whether -pedantic is accepted as CFLAGS... -------------------- yes

LD_LIBRARY_PATH=.:/home/developer/.rvm/rubies/ruby-3.2.3/lib "gcc -I/home/developer/.rvm/rubies/ruby-3.2.3/include/ruby-3.2.0/x86_64-linux -I/home/developer/.rvm/rubies/ruby-3.2.3/include/ruby-3.2.0/ruby/backward -I/home/developer/.rvm/rubies/ruby-3.2.3/include/ruby-3.2.0 -I.    -O3 -fno-fast-math -ggdb3 -Wall -Wextra -Wdeprecated-declarations -Wdiv-by-zero -Wduplicated-cond -Wimplicit-function-declaration -Wimplicit-int -Wmisleading-indentation -Wpointer-arith -Wwrite-strings -Wold-style-definition -Wimplicit-fallthrough=0 -Wmissing-noreturn -Wno-cast-function-type -Wno-constant-logical-operand -Wno-long-long -Wno-missing-field-initializers -Wno-overlength-strings -Wno-packed-bitfield-compat -Wno-parentheses-equality -Wno-self-assign -Wno-tautological-compare -Wno-unused-parameter -Wno-unused-value -Wsuggest-attribute=format -Wsuggest-attribute=noreturn -Wunused-variable -Wundef  -fPIC -Wall -O3  -pedantic -Werror -c conftest.c"
checked program was:
/* begin */
1: #include "ruby.h"
2: 
3: int main(int argc, char **argv)
4: {
5:   return !!argv[argc];
6: }
/* end */

--------------------

block in append_cflags: checking for whether -std=c99 is accepted as CFLAGS... -------------------- no

LD_LIBRARY_PATH=.:/home/developer/.rvm/rubies/ruby-3.2.3/lib "gcc -I/home/developer/.rvm/rubies/ruby-3.2.3/include/ruby-3.2.0/x86_64-linux -I/home/developer/.rvm/rubies/ruby-3.2.3/include/ruby-3.2.0/ruby/backward -I/home/developer/.rvm/rubies/ruby-3.2.3/include/ruby-3.2.0 -I.    -O3 -fno-fast-math -ggdb3 -Wall -Wextra -Wdeprecated-declarations -Wdiv-by-zero -Wduplicated-cond -Wimplicit-function-declaration -Wimplicit-int -Wmisleading-indentation -Wpointer-arith -Wwrite-strings -Wold-style-definition -Wimplicit-fallthrough=0 -Wmissing-noreturn -Wno-cast-function-type -Wno-constant-logical-operand -Wno-long-long -Wno-missing-field-initializers -Wno-overlength-strings -Wno-packed-bitfield-compat -Wno-parentheses-equality -Wno-self-assign -Wno-tautological-compare -Wno-unused-parameter -Wno-unused-value -Wsuggest-attribute=format -Wsuggest-attribute=noreturn -Wunused-variable -Wundef  -fPIC -Wall -O3 -pedantic  -std=c99 -Werror -c conftest.c"
In file included from /home/developer/.rvm/rubies/ruby-3.2.3/include/ruby-3.2.0/ruby/ruby.h:15,
                 from /home/developer/.rvm/rubies/ruby-3.2.3/include/ruby-3.2.0/ruby.h:38,
                 from conftest.c:1:
/home/developer/.rvm/rubies/ruby-3.2.3/include/ruby-3.2.0/ruby/internal/config.h:139:50: error: __VA_OPT__ is not available until C++2a [-Werror]
  139 | # define RBIMPL_TEST2(...)          RBIMPL_TEST3(__VA_OPT__(,),1,0,0)
      |                                                  ^
In file included from /home/developer/.rvm/rubies/ruby-3.2.3/include/ruby-3.2.0/ruby/ruby.h:47,
                 from /home/developer/.rvm/rubies/ruby-3.2.3/include/ruby-3.2.0/ruby.h:38,
                 from conftest.c:1:
/home/developer/.rvm/rubies/ruby-3.2.3/include/ruby-3.2.0/ruby/internal/scan_args.h:502:41: error: __VA_OPT__ is not available until C++2a [-Werror]
  502 |         (rb_scan_args)(argc, argvp, fmt __VA_OPT__(, __VA_ARGS__)))
      |                                         ^
/home/developer/.rvm/rubies/ruby-3.2.3/include/ruby-3.2.0/ruby/internal/scan_args.h:510:53: error: __VA_OPT__ is not available until C++2a [-Werror]
  510 |         (rb_scan_args_kw)(kw_flag, argc, argvp, fmt __VA_OPT__(, __VA_ARGS__)))
      |                                                     ^
cc1: error: unrecognized command line option ‘-Wno-self-assign’ [-Werror]
cc1: error: unrecognized command line option ‘-Wno-parentheses-equality’ [-Werror]
cc1: error: unrecognized command line option ‘-Wno-constant-logical-operand’ [-Werror]
cc1: all warnings being treated as errors
checked program was:
/* begin */
1: #include "ruby.h"
2: 
3: int main(int argc, char **argv)
4: {
5:   return !!argv[argc];
6: }
/* end */

--------------------

